$ astro build
17:20:02 [types] Generated 319ms
17:20:02 [build] output: "static"
17:20:02 [build] directory: /Users/tranhatam/Documents/Devnewproject/nguyenai.net/apps/invest/dist/
17:20:02 [build] Collecting build info...
17:20:02 [build] ✓ Completed in 523ms.
17:20:03 [build] Building static entrypoints...
17:20:08 [vite] ✓ built in 5.66s
17:20:08 [build] ✓ Completed in 5.72s.

 building client (vite) 
17:20:08 [vite] transforming...
17:20:08 [vite] ✓ 6 modules transformed.
17:20:08 [vite] rendering chunks...
17:20:08 [vite] computing gzip size...
17:20:08 [vite] dist/_astro/hoisted.2znN6LC-.js  0.15 kB │ gzip: 0.13 kB
17:20:08 [vite] dist/_astro/hoisted.7KWPZFDj.js  0.23 kB │ gzip: 0.18 kB
17:20:08 [vite] dist/_astro/hoisted.Qqjl3qh9.js  0.27 kB │ gzip: 0.21 kB
17:20:08 [vite] ✓ built in 52ms

 generating static routes 
17:20:08 ▶ src/pages/404.astro
17:20:08   └─ /404.html (+8ms)
17:20:08 ▶ src/pages/ai-computer.astro
17:20:08   └─ /ai-computer/index.html (+2ms)
17:20:08 ▶ src/pages/business-model.astro
17:20:08   └─ /business-model/index.html (+7ms)
17:20:08 ▶ src/pages/en/404.astro
17:20:08   └─ /en/404/index.html (+3ms)
17:20:08 ▶ src/pages/en/ai-computer.astro
17:20:08   └─ /en/ai-computer/index.html (+5ms)
17:20:08 ▶ src/pages/en/business-model.astro
17:20:08   └─ /en/business-model/index.html (+4ms)
17:20:08 ▶ src/pages/en/governance.astro
17:20:08   └─ /en/governance/index.html (+3ms)
17:20:08 ▶ src/pages/en/impact.astro
17:20:08   └─ /en/impact/index.html (+3ms)
17:20:08 ▶ src/pages/en/index.astro
17:20:08   └─ /en/index.html (+6ms)
17:20:08 ▶ src/pages/en/market.astro
17:20:08   └─ /en/market/index.html (+6ms)
17:20:08 ▶ src/pages/en/moat.astro
17:20:08   └─ /en/moat/index.html (+5ms)
17:20:08 ▶ src/pages/en/request-access.astro
17:20:08   └─ /en/request-access/index.html (+2ms)
17:20:08 ▶ src/pages/en/risks.astro
17:20:08   └─ /en/risks/index.html (+1ms)
17:20:08 ▶ src/pages/en/roadmap.astro
17:20:08   └─ /en/roadmap/index.html (+2ms)
17:20:08 ▶ src/pages/en/team.astro
17:20:08   └─ /en/team/index.html (+2ms)
17:20:08 ▶ src/pages/en/why-now.astro
17:20:08   └─ /en/why-now/index.html (+8ms)
17:20:08 ▶ src/pages/governance.astro
17:20:08   └─ /governance/index.html (+5ms)
17:20:08 ▶ src/pages/impact.astro
17:20:08   └─ /impact/index.html (+2ms)
17:20:08 ▶ src/pages/index.astro
17:20:08   └─ /index.html (+4ms)
17:20:08 ▶ src/pages/market.astro
17:20:08   └─ /market/index.html (+2ms)
17:20:08 ▶ src/pages/moat.astro
17:20:08   └─ /moat/index.html (+2ms)
17:20:08 ▶ src/pages/private/cap-table.astro
17:20:08   └─ /private/cap-table/index.html (+6ms)
17:20:08 ▶ src/pages/private/contracts.astro
17:20:08   └─ /private/contracts/index.html (+3ms)
17:20:08 ▶ src/pages/private/data-room.astro
17:20:08   └─ /private/data-room/index.html (+3ms)
17:20:08 ▶ src/pages/private/financial-model.astro
17:20:08   └─ /private/financial-model/index.html (+6ms)
17:20:08 ▶ src/pages/private/index.astro
17:20:08   └─ /private/index.html (+5ms)
17:20:08 ▶ src/pages/private/ip.astro
17:20:08   └─ /private/ip/index.html (+2ms)
17:20:08 ▶ src/pages/private/product-demo.astro
17:20:08   └─ /private/product-demo/index.html (+2ms)
17:20:08 ▶ src/pages/private/qualification.astro
17:20:08   └─ /private/qualification/index.html (+4ms)
17:20:08 ▶ src/pages/private/security.astro
17:20:08   └─ /private/security/index.html (+2ms)
17:20:08 ▶ src/pages/private/technical-audit.astro
17:20:08   └─ /private/technical-audit/index.html (+2ms)
17:20:08 ▶ src/pages/request-access.astro
17:20:08   └─ /request-access/index.html (+2ms)
17:20:08 ▶ src/pages/risks.astro
17:20:08   └─ /risks/index.html (+2ms)
17:20:08 ▶ src/pages/roadmap.astro
17:20:08   └─ /roadmap/index.html (+5ms)
17:20:08 ▶ src/pages/scholarship/apply.astro
17:20:08   └─ /scholarship/apply/index.html (+3ms)
17:20:09 ▶ src/pages/scholarship/fund.astro
17:20:09   └─ /scholarship/fund/index.html (+5ms)
17:20:09 ▶ src/pages/scholarship/impact.astro
17:20:09   └─ /scholarship/impact/index.html (+1ms)
17:20:09 ▶ src/pages/scholarship/sponsors.astro
17:20:09   └─ /scholarship/sponsors/index.html (+1ms)
17:20:09 ▶ src/pages/scholarship.astro
17:20:09   └─ /scholarship/index.html (+2ms)
17:20:09 λ src/pages/sitemap.xml.ts
17:20:09   └─ /sitemap.xml (+1ms)
17:20:09 ▶ src/pages/team.astro
17:20:09   └─ /team/index.html (+2ms)
17:20:09 ▶ src/pages/why-now.astro
17:20:09   └─ /why-now/index.html (+1ms)
17:20:09 ✓ Completed in 196ms.

17:20:09 [build] 41 page(s) built in 6.58s
17:20:09 [build] Complete!
