[WARN] The "pnpm" field in package.json is no longer read by pnpm. The following keys were ignored: "pnpm.onlyBuiltDependencies". See https://pnpm.io/settings for the new home of each setting.
$ astro build
12:22:37 [WARN] Unsupported file type /Users/tranhatam/Documents/Devnewproject/nguyenai.net/apps/edu/src/pages/en/summer found. Prefix filename with an underscore (`_`) to ignore.
12:22:37 [WARN] Unsupported file type /Users/tranhatam/Documents/Devnewproject/nguyenai.net/apps/edu/src/pages/en/summer- found. Prefix filename with an underscore (`_`) to ignore.
12:22:37 [WARN] Unsupported file type /Users/tranhatam/Documents/Devnewproject/nguyenai.net/apps/edu/src/pages/en/summer-202 found. Prefix filename with an underscore (`_`) to ignore.
12:22:37 [WARN] Unsupported file type /Users/tranhatam/Documents/Devnewproject/nguyenai.net/apps/edu/src/pages/en/summer-2026 found. Prefix filename with an underscore (`_`) to ignore.
12:22:37 [WARN] Unsupported file type /Users/tranhatam/Documents/Devnewproject/nguyenai.net/apps/edu/src/pages/en/summer-2026. found. Prefix filename with an underscore (`_`) to ignore.
12:22:37 [WARN] The currently selected adapter `@astrojs/cloudflare` is not compatible with the image service "Sharp".
12:22:37 [types] Generated 283ms
12:22:37 [build] output: "hybrid"
12:22:37 [build] directory: /Users/tranhatam/Documents/Devnewproject/nguyenai.net/apps/edu/dist/
12:22:37 [build] adapter: @astrojs/cloudflare
12:22:37 [build] Collecting build info...
12:22:37 [build] ✓ Completed in 359ms.
12:22:37 [build] Building hybrid entrypoints...
Generated an empty chunk: "astro/env-setup".
12:22:40 [vite] ✓ built in 3.25s
12:22:40 [build] ✓ Completed in 3.29s.

 building client (vite) 
12:22:40 [vite] transforming...
12:22:40 [vite] ✓ 42 modules transformed.
12:22:40 [vite] rendering chunks...
12:22:40 [vite] computing gzip size...
12:22:40 [vite] dist/_astro/hoisted.BVdGLLy3.js            0.21 kB │ gzip:  0.17 kB
12:22:40 [vite] dist/_astro/hoisted.el468AAD.js            2.42 kB │ gzip:  0.92 kB
12:22:40 [vite] dist/_astro/hoisted.S8WMa9s6.js            3.78 kB │ gzip:  1.40 kB
12:22:40 [vite] dist/_astro/hoisted.UWLvnEu_.js            4.04 kB │ gzip:  1.52 kB
12:22:40 [vite] dist/_astro/ProgressTracker.4mYwyesm.js    4.98 kB │ gzip:  2.13 kB
12:22:40 [vite] dist/_astro/hoisted.elQzbk31.js            5.02 kB │ gzip:  1.50 kB
12:22:40 [vite] dist/_astro/hoisted.CWgYUrE4.js            5.09 kB │ gzip:  1.56 kB
12:22:40 [vite] dist/_astro/index.CVf8TyFT.js              6.72 kB │ gzip:  2.68 kB
12:22:40 [vite] dist/_astro/client.DrE9CFQR.js           135.60 kB │ gzip: 43.80 kB
12:22:40 [vite] ✓ built in 249ms

 prerendering static routes 
12:22:40 ▶ src/pages/404.astro
12:22:40   └─ /404.html (+5ms)
12:22:40 ▶ src/pages/about.astro
12:22:40   └─ /about/index.html (+1ms)
12:22:40 λ src/pages/api/verify.ts
12:22:40   └─ /api/verify (+1ms)
12:22:40 ▶ src/pages/apply.astro
12:22:40   └─ /apply/index.html (+2ms)
12:22:40 ▶ src/pages/en/about.astro
12:22:40   └─ /en/about/index.html (+1ms)
12:22:40 ▶ src/pages/en/apply.astro
12:22:40   └─ /en/apply/index.html (+1ms)
12:22:40 ▶ src/pages/en/certification.astro
12:22:40   └─ /en/certification/index.html (+1ms)
12:22:40 ▶ src/pages/en/index.astro
12:22:40   └─ /en/index.html (+2ms)
12:22:40 ▶ src/pages/en/scholarship/policies/[slug].astro
12:22:40   ├─ /en/scholarship/policies/program-terms/index.html (+1ms)
12:22:40   ├─ /en/scholarship/policies/privacy/index.html (+1ms)
12:22:40   ├─ /en/scholarship/policies/wish-sharing/index.html (+1ms)
12:22:40   ├─ /en/scholarship/policies/investor-review/index.html (+1ms)
12:22:40   ├─ /en/scholarship/policies/decision-policy/index.html (+1ms)
12:22:40   ├─ /en/scholarship/policies/forum-guidelines/index.html (+1ms)
12:22:40   ├─ /en/scholarship/policies/moderation-policy/index.html (+1ms)
12:22:40   ├─ /en/scholarship/policies/retention/index.html (+1ms)
12:22:40   ├─ /en/scholarship/policies/sponsorship-terms/index.html (+1ms)
12:22:40   ├─ /en/scholarship/policies/appeals/index.html (+1ms)
12:22:40   ├─ /en/scholarship/policies/code-of-conduct/index.html (+1ms)
12:22:40   └─ /en/scholarship/policies/conflict-of-interest/index.html (+1ms)
12:22:40 ▶ src/pages/en/scholarship/policies/index.astro
12:22:40   └─ /en/scholarship/policies/index.html (+1ms)
12:22:40 ▶ src/pages/en/scholarship.astro
12:22:40   └─ /en/scholarship/index.html (+1ms)
12:22:40 ▶ src/pages/en/summer-2026.astro
12:22:40   └─ /en/summer-2026/index.html (+1ms)
12:22:40 ▶ src/pages/en/tracks/index.astro
12:22:40   └─ /en/tracks/index.html (+1ms)
12:22:40 ▶ src/pages/forum.astro
12:22:40   └─ /forum/index.html (+1ms)
12:22:40 ▶ src/pages/index.astro
12:22:40   └─ /index.html (+1ms)
12:22:40 ▶ src/pages/investor-room.astro
12:22:40   └─ /investor-room/index.html (+1ms)
12:22:40 ▶ src/pages/login.astro
12:22:40   └─ /login/index.html (+1ms)
12:22:40 ▶ src/pages/programs/[slug].astro
12:22:40   ├─ /programs/nguyen-ai-operator/index.html (+2ms)
12:22:40   ├─ /programs/ai-creator-media-studio/index.html (+1ms)
12:22:40   ├─ /programs/ai-code-app-builder/index.html (+1ms)
12:22:40   ├─ /programs/ai-business-operator/index.html (+1ms)
12:22:40   ├─ /programs/ai-founder-startup-builder/index.html (+1ms)
12:22:40   ├─ /programs/ai-research-knowledge-builder/index.html (+1ms)
12:22:40   ├─ /programs/ai-career-freelance-builder/index.html (+1ms)
12:22:40   ├─ /programs/ai-family-memory-digital-heritage/index.html (+1ms)
12:22:40   └─ /programs/ai-leadership-community-builder/index.html (+1ms)
12:22:40 ▶ src/pages/programs/index.astro
12:22:40   └─ /programs/index.html (+2ms)
12:22:40 ▶ src/pages/room.astro
12:22:40   └─ /room/index.html (+1ms)
12:22:40 ▶ src/pages/scholarship/acceptance-log.astro
12:22:40   └─ /scholarship/acceptance-log/index.html (+1ms)
12:22:40 ▶ src/pages/scholarship/changelog.astro
12:22:40   └─ /scholarship/changelog/index.html (+1ms)
12:22:40 ▶ src/pages/scholarship/policies/[id].astro
12:22:40   ├─ /scholarship/policies/01/index.html (+1ms)
12:22:40   ├─ /scholarship/policies/02/index.html (+1ms)
12:22:40   ├─ /scholarship/policies/03/index.html (+1ms)
12:22:40   ├─ /scholarship/policies/04/index.html (+1ms)
12:22:40   ├─ /scholarship/policies/05/index.html (+1ms)
12:22:40   ├─ /scholarship/policies/06/index.html (+1ms)
12:22:40   ├─ /scholarship/policies/07/index.html (+1ms)
12:22:40   ├─ /scholarship/policies/08/index.html (+0ms)
12:22:40   ├─ /scholarship/policies/09/index.html (+1ms)
12:22:40   ├─ /scholarship/policies/10/index.html (+1ms)
12:22:40   ├─ /scholarship/policies/11/index.html (+1ms)
12:22:40   └─ /scholarship/policies/12/index.html (+1ms)
12:22:40 ▶ src/pages/scholarship/policies/[slug].astro
12:22:40   ├─ /scholarship/policies/program-terms/index.html (+1ms)
12:22:40   ├─ /scholarship/policies/privacy/index.html (+1ms)
12:22:40   ├─ /scholarship/policies/wish-sharing/index.html (+0ms)
12:22:40   ├─ /scholarship/policies/investor-review/index.html (+1ms)
12:22:40   ├─ /scholarship/policies/decision-policy/index.html (+1ms)
12:22:40   ├─ /scholarship/policies/forum-guidelines/index.html (+1ms)
12:22:40   ├─ /scholarship/policies/moderation-policy/index.html (+1ms)
12:22:40   ├─ /scholarship/policies/retention/index.html (+1ms)
12:22:40   ├─ /scholarship/policies/sponsorship-terms/index.html (+1ms)
12:22:40   ├─ /scholarship/policies/appeals/index.html (+0ms)
12:22:40   ├─ /scholarship/policies/code-of-conduct/index.html (+1ms)
12:22:40   └─ /scholarship/policies/conflict-of-interest/index.html (+1ms)
12:22:41 ▶ src/pages/scholarship/policies/index.astro
12:22:41   └─ /scholarship/policies/index.html (+1ms)
12:22:41 ▶ src/pages/scholarship.astro
12:22:41   └─ /scholarship/index.html (+1ms)
12:22:41 λ src/pages/sitemap.xml.ts
12:22:41   └─ /sitemap.xml (+0ms)
12:22:41 ▶ src/pages/summer-2026.astro
12:22:41   └─ /summer-2026/index.html (+1ms)
12:22:41 ▶ src/pages/tracks/index.astro
12:22:41   └─ /tracks/index.html (+1ms)
12:22:41 ▶ src/pages/verify.astro
12:22:41   └─ /verify/index.html (+1ms)
12:22:41 ▶ src/pages/certification.astro
12:22:41   └─ /certification/index.html (+1ms)
12:22:41 ▶ src/pages/tracks/[slug].astro
12:22:41   ├─ /tracks/ai-computer-fundamentals/index.html (+1ms)
12:22:41   ├─ /tracks/agent-operation/index.html (+1ms)
12:22:41   ├─ /tracks/super-app-usage/index.html (+1ms)
12:22:41   ├─ /tracks/command-pack-authoring/index.html (+1ms)
12:22:41   ├─ /tracks/verification-evidence-methodology/index.html (+1ms)
12:22:41   ├─ /tracks/privacy-security-practices/index.html (+1ms)
12:22:41   ├─ /tracks/founder-business-workflows/index.html (+1ms)
12:22:41   ├─ /tracks/chapter-governance/index.html (+1ms)
12:22:41   ├─ /tracks/bilingual-content-creation/index.html (+1ms)
12:22:41   └─ /tracks/heritage-research-methodology/index.html (+1ms)
12:22:41 ▶ src/pages/lessons/[slug].astro
12:22:41   ├─ /lessons/track-01-lesson-01/index.html (+9ms)
12:22:41   ├─ /lessons/track-01-lesson-02/index.html (+3ms)
12:22:41   ├─ /lessons/track-01-lesson-03/index.html (+3ms)
12:22:41   ├─ /lessons/track-01-lesson-04/index.html (+3ms)
12:22:41   ├─ /lessons/track-01-lesson-05/index.html (+3ms)
12:22:41   ├─ /lessons/track-01-lesson-06/index.html (+3ms)
12:22:41   ├─ /lessons/track-01-lesson-07/index.html (+3ms)
12:22:41   ├─ /lessons/track-01-lesson-08/index.html (+3ms)
12:22:41   ├─ /lessons/track-01-lesson-09/index.html (+3ms)
12:22:41   └─ /lessons/track-01-lesson-10/index.html (+3ms)
12:22:41 ✓ Completed in 140ms.

12:22:41 [build] Rearranging server assets...
12:22:41 [build] Server built in 4.10s
12:22:41 [build] Complete!
